<?xml version="1.0" encoding="UTF-8"?>
<!-- Generated by org.testng.reporters.JUnitReportReporter -->
<testsuite hostname="HQRITD48N" failures="0" tests="1" name="EPG.EmiratesPost.TC03_International_Shipement" time="63.159" errors="0" timestamp="2022-10-21T13:34:47 GST" skipped="0">
  <testcase classname="EPG.EmiratesPost.TC03_International_Shipement" name="createinternationShipment" time="63.159"/>
  <system-out/>
</testsuite> <!-- EPG.EmiratesPost.TC03_International_Shipement -->
