<?xml version="1.0" encoding="UTF-8"?>
<!-- Generated by org.testng.reporters.JUnitReportReporter -->
<testsuite hostname="HQRITD48N" failures="0" tests="1" name="EPG.EmiratesPost.Login_testcase_test" time="31.317" errors="0" timestamp="2022-08-26T12:35:04 GST" skipped="0">
  <testcase classname="EPG.EmiratesPost.Login_testcase_test" name="initalizebrowser" time="31.317"/>
  <system-out/>
</testsuite> <!-- EPG.EmiratesPost.Login_testcase_test -->
