<?xml version="1.0" encoding="UTF-8"?>
<!-- Generated by org.testng.reporters.JUnitReportReporter -->
<testsuite hostname="HQRITD48N" failures="0" tests="1" name="EPG.EmiratesPost.testcases" time="15.333" errors="0" timestamp="2022-08-25T14:43:45 GST" skipped="0">
  <testcase classname="EPG.EmiratesPost.testcases" name="initalizebrowser" time="15.333"/>
  <system-out/>
</testsuite> <!-- EPG.EmiratesPost.testcases -->
