<?xml version="1.0" encoding="UTF-8"?>
<!-- Generated by org.testng.reporters.JUnitReportReporter -->
<testsuite hostname="HQRITD48N" failures="0" tests="1" name="EPG.EmiratesPost.testcases$AppTest" time="10.659" errors="0" timestamp="2022-08-25T12:23:51 GST" skipped="0">
  <testcase classname="EPG.EmiratesPost.testcases$AppTest" name="shouldAnswerWithTrue" time="10.659"/>
  <system-out/>
</testsuite> <!-- EPG.EmiratesPost.testcases$AppTest -->
