<?xml version="1.0" encoding="UTF-8"?>
<!-- Generated by org.testng.reporters.JUnitReportReporter -->
<testsuite hostname="HQRITD48N" failures="0" tests="1" name="EPG.EmiratesPost.RateCalculation" time="11.147" errors="0" timestamp="2022-10-19T10:13:57 GST" skipped="0">
  <testcase classname="EPG.EmiratesPost.RateCalculation" name="RateCalculations" time="11.147"/>
  <system-out/>
</testsuite> <!-- EPG.EmiratesPost.RateCalculation -->
